<?xml version="1.0" encoding="UTF-8"?>
<testng-results skipped="0" failed="0" ignored="0" total="1" passed="1">
  <reporter-output>
  </reporter-output>
  <suite name="Default suite" duration-ms="1887" started-at="2019-07-09T12:49:49Z" finished-at="2019-07-09T12:49:51Z">
    <groups>
    </groups>
    <test name="Default test" duration-ms="1887" started-at="2019-07-09T12:49:49Z" finished-at="2019-07-09T12:49:51Z">
      <class name="restAssuredTests.RestAssuredTest">
        <test-method status="PASS" signature="GetWeatherDetails()[pri:0, instance:restAssuredTests.RestAssuredTest@50c87b21]" name="GetWeatherDetails" duration-ms="1882" started-at="2019-07-09T18:19:49Z" finished-at="2019-07-09T18:19:51Z">
          <reporter-output>
          </reporter-output>
        </test-method> <!-- GetWeatherDetails -->
      </class> <!-- restAssuredTests.RestAssuredTest -->
    </test> <!-- Default test -->
  </suite> <!-- Default suite -->
</testng-results>
